DEBUG:root:Socket Created
DEBUG:root:Socket Bind Complete
DEBUG:root:Socket Listening
DEBUG:root:Connected 127.0.0.1:12050
INFO:root:alarm json -{'DATA_TYPE': 'alarm', 'AGV_NO': 'agv00001', 'ALARMS': [{'ALARM_CD': '22', 'ALARM_STATUS': 1, 'ALARM_DTL': '과전류 발생', 'OCCUR_DT': '20211129 23:41:46', 'END_DT': None}]}
INFO:root:alarm json -{'DATA_TYPE': 'alarm', 'AGV_NO': 'agv00001', 'ALARMS': [{'ALARM_CD': '12', 'ALARM_STATUS': 1, 'ALARM_DTL': '직진 후, 위치 오류', 'OCCUR_DT': '20211129 23:41:47', 'END_DT': None}]}
INFO:root:alarm json -{'DATA_TYPE': 'alarm', 'AGV_NO': 'agv00001', 'ALARMS': [{'ALARM_CD': '21', 'ALARM_STATUS': 1, 'ALARM_DTL': 'LOW BATTERY', 'OCCUR_DT': '20211129 23:41:48', 'END_DT': None}]}
INFO:root:alarm json -{'DATA_TYPE': 'alarm', 'AGV_NO': 'agv00001', 'ALARMS': [{'ALARM_CD': '32', 'ALARM_STATUS': 1, 'ALARM_DTL': 'Tray 구동 실패', 'OCCUR_DT': '20211129 23:41:49', 'END_DT': None}]}
INFO:root:alarm json -{'DATA_TYPE': 'alarm', 'AGV_NO': 'agv00001', 'ALARMS': [{'ALARM_CD': '14', 'ALARM_STATUS': 1, 'ALARM_DTL': '좌 90도회전 후, 위치 오류', 'OCCUR_DT': '20211129 23:41:50', 'END_DT': None}]}
INFO:root:alarm json -{'DATA_TYPE': 'alarm', 'AGV_NO': 'agv00001', 'ALARMS': [{'ALARM_CD': '22', 'ALARM_STATUS': 0, 'ALARM_DTL': '과전류 발생', 'OCCUR_DT': '20211129 23:41:46', 'END_DT': '20211129 23:41:51'}, {'ALARM_CD': '16', 'ALARM_STATUS': 1, 'ALARM_DTL': '후진 후, 위치 오류', 'OCCUR_DT': '20211129 23:41:51', 'END_DT': None}]}
INFO:root:alarm json -{'DATA_TYPE': 'alarm', 'AGV_NO': 'agv00001', 'ALARMS': [{'ALARM_CD': '12', 'ALARM_STATUS': 0, 'ALARM_DTL': '직진 후, 위치 오류', 'OCCUR_DT': '20211129 23:41:47', 'END_DT': '20211129 23:41:52'}, {'ALARM_CD': '11', 'ALARM_STATUS': 1, 'ALARM_DTL': '현 위치확인 안됨', 'OCCUR_DT': '20211129 23:41:52', 'END_DT': None}]}
INFO:root:alarm json -{'DATA_TYPE': 'alarm', 'AGV_NO': 'agv00001', 'ALARMS': [{'ALARM_CD': '21', 'ALARM_STATUS': 0, 'ALARM_DTL': 'LOW BATTERY', 'OCCUR_DT': '20211129 23:41:48', 'END_DT': '20211129 23:41:53'}, {'ALARM_CD': '15', 'ALARM_STATUS': 1, 'ALARM_DTL': '180도 회전 후, 위치 오류', 'OCCUR_DT': '20211129 23:41:53', 'END_DT': None}]}
INFO:root:alarm json -{'DATA_TYPE': 'alarm', 'AGV_NO': 'agv00001', 'ALARMS': [{'ALARM_CD': '32', 'ALARM_STATUS': 0, 'ALARM_DTL': 'Tray 구동 실패', 'OCCUR_DT': '20211129 23:41:49', 'END_DT': '20211129 23:41:54'}, {'ALARM_CD': '13', 'ALARM_STATUS': 1, 'ALARM_DTL': '우 90도회전 후, 위치 오류', 'OCCUR_DT': '20211129 23:41:54', 'END_DT': None}]}
INFO:root:alarm json -{'DATA_TYPE': 'alarm', 'AGV_NO': 'agv00001', 'ALARMS': [{'ALARM_CD': '14', 'ALARM_STATUS': 0, 'ALARM_DTL': '좌 90도회전 후, 위치 오류', 'OCCUR_DT': '20211129 23:41:50', 'END_DT': '20211129 23:41:55'}, {'ALARM_CD': '12', 'ALARM_STATUS': 1, 'ALARM_DTL': '직진 후, 위치 오류', 'OCCUR_DT': '20211129 23:41:55', 'END_DT': None}]}
INFO:root:alarm json -{'DATA_TYPE': 'alarm', 'AGV_NO': 'agv00001', 'ALARMS': [{'ALARM_CD': '16', 'ALARM_STATUS': 0, 'ALARM_DTL': '후진 후, 위치 오류', 'OCCUR_DT': '20211129 23:41:51', 'END_DT': '20211129 23:41:56'}, {'ALARM_CD': '32', 'ALARM_STATUS': 1, 'ALARM_DTL': 'Tray 구동 실패', 'OCCUR_DT': '20211129 23:41:56', 'END_DT': None}]}
INFO:root:alarm json -{'DATA_TYPE': 'alarm', 'AGV_NO': 'agv00001', 'ALARMS': [{'ALARM_CD': '11', 'ALARM_STATUS': 0, 'ALARM_DTL': '현 위치확인 안됨', 'OCCUR_DT': '20211129 23:41:52', 'END_DT': '20211129 23:41:57'}, {'ALARM_CD': '16', 'ALARM_STATUS': 1, 'ALARM_DTL': '후진 후, 위치 오류', 'OCCUR_DT': '20211129 23:41:57', 'END_DT': None}]}
INFO:root:alarm json -{'DATA_TYPE': 'alarm', 'AGV_NO': 'agv00001', 'ALARMS': [{'ALARM_CD': '15', 'ALARM_STATUS': 0, 'ALARM_DTL': '180도 회전 후, 위치 오류', 'OCCUR_DT': '20211129 23:41:53', 'END_DT': '20211129 23:41:58'}, {'ALARM_CD': '31', 'ALARM_STATUS': 1, 'ALARM_DTL': 'Belt 구동 실패', 'OCCUR_DT': '20211129 23:41:58', 'END_DT': None}]}
INFO:root:alarm json -{'DATA_TYPE': 'alarm', 'AGV_NO': 'agv00001', 'ALARMS': [{'ALARM_CD': '13', 'ALARM_STATUS': 0, 'ALARM_DTL': '우 90도회전 후, 위치 오류', 'OCCUR_DT': '20211129 23:41:54', 'END_DT': '20211129 23:41:59'}, {'ALARM_CD': '22', 'ALARM_STATUS': 1, 'ALARM_DTL': '과전류 발생', 'OCCUR_DT': '20211129 23:41:59', 'END_DT': None}]}
INFO:root:alarm json -{'DATA_TYPE': 'alarm', 'AGV_NO': 'agv00001', 'ALARMS': [{'ALARM_CD': '12', 'ALARM_STATUS': 0, 'ALARM_DTL': '직진 후, 위치 오류', 'OCCUR_DT': '20211129 23:41:55', 'END_DT': '20211129 23:42:00'}, {'ALARM_CD': '15', 'ALARM_STATUS': 1, 'ALARM_DTL': '180도 회전 후, 위치 오류', 'OCCUR_DT': '20211129 23:42:00', 'END_DT': None}]}
INFO:root:alarm json -{'DATA_TYPE': 'alarm', 'AGV_NO': 'agv00001', 'ALARMS': [{'ALARM_CD': '32', 'ALARM_STATUS': 0, 'ALARM_DTL': 'Tray 구동 실패', 'OCCUR_DT': '20211129 23:41:56', 'END_DT': '20211129 23:42:01'}, {'ALARM_CD': '12', 'ALARM_STATUS': 1, 'ALARM_DTL': '직진 후, 위치 오류', 'OCCUR_DT': '20211129 23:42:01', 'END_DT': None}]}
INFO:root:alarm json -{'DATA_TYPE': 'alarm', 'AGV_NO': 'agv00001', 'ALARMS': [{'ALARM_CD': '16', 'ALARM_STATUS': 0, 'ALARM_DTL': '후진 후, 위치 오류', 'OCCUR_DT': '20211129 23:41:57', 'END_DT': '20211129 23:42:02'}, {'ALARM_CD': '14', 'ALARM_STATUS': 1, 'ALARM_DTL': '좌 90도회전 후, 위치 오류', 'OCCUR_DT': '20211129 23:42:02', 'END_DT': None}]}
INFO:root:alarm json -{'DATA_TYPE': 'alarm', 'AGV_NO': 'agv00001', 'ALARMS': [{'ALARM_CD': '31', 'ALARM_STATUS': 0, 'ALARM_DTL': 'Belt 구동 실패', 'OCCUR_DT': '20211129 23:41:58', 'END_DT': '20211129 23:42:03'}, {'ALARM_CD': '32', 'ALARM_STATUS': 1, 'ALARM_DTL': 'Tray 구동 실패', 'OCCUR_DT': '20211129 23:42:03', 'END_DT': None}]}
INFO:root:alarm json -{'DATA_TYPE': 'alarm', 'AGV_NO': 'agv00001', 'ALARMS': [{'ALARM_CD': '22', 'ALARM_STATUS': 0, 'ALARM_DTL': '과전류 발생', 'OCCUR_DT': '20211129 23:41:59', 'END_DT': '20211129 23:42:04'}, {'ALARM_CD': '21', 'ALARM_STATUS': 1, 'ALARM_DTL': 'LOW BATTERY', 'OCCUR_DT': '20211129 23:42:04', 'END_DT': None}]}
INFO:root:alarm json -{'DATA_TYPE': 'alarm', 'AGV_NO': 'agv00001', 'ALARMS': [{'ALARM_CD': '15', 'ALARM_STATUS': 0, 'ALARM_DTL': '180도 회전 후, 위치 오류', 'OCCUR_DT': '20211129 23:42:00', 'END_DT': '20211129 23:42:05'}, {'ALARM_CD': '31', 'ALARM_STATUS': 1, 'ALARM_DTL': 'Belt 구동 실패', 'OCCUR_DT': '20211129 23:42:05', 'END_DT': None}]}
INFO:root:alarm json -{'DATA_TYPE': 'alarm', 'AGV_NO': 'agv00001', 'ALARMS': [{'ALARM_CD': '12', 'ALARM_STATUS': 0, 'ALARM_DTL': '직진 후, 위치 오류', 'OCCUR_DT': '20211129 23:42:01', 'END_DT': '20211129 23:42:06'}, {'ALARM_CD': '16', 'ALARM_STATUS': 1, 'ALARM_DTL': '후진 후, 위치 오류', 'OCCUR_DT': '20211129 23:42:06', 'END_DT': None}]}
INFO:root:alarm json -{'DATA_TYPE': 'alarm', 'AGV_NO': 'agv00001', 'ALARMS': [{'ALARM_CD': '14', 'ALARM_STATUS': 0, 'ALARM_DTL': '좌 90도회전 후, 위치 오류', 'OCCUR_DT': '20211129 23:42:02', 'END_DT': '20211129 23:42:07'}, {'ALARM_CD': '13', 'ALARM_STATUS': 1, 'ALARM_DTL': '우 90도회전 후, 위치 오류', 'OCCUR_DT': '20211129 23:42:07', 'END_DT': None}]}
INFO:root:alarm json -{'DATA_TYPE': 'alarm', 'AGV_NO': 'agv00001', 'ALARMS': [{'ALARM_CD': '32', 'ALARM_STATUS': 0, 'ALARM_DTL': 'Tray 구동 실패', 'OCCUR_DT': '20211129 23:42:03', 'END_DT': '20211129 23:42:08'}, {'ALARM_CD': '15', 'ALARM_STATUS': 1, 'ALARM_DTL': '180도 회전 후, 위치 오류', 'OCCUR_DT': '20211129 23:42:08', 'END_DT': None}]}
INFO:root:alarm json -{'DATA_TYPE': 'alarm', 'AGV_NO': 'agv00001', 'ALARMS': [{'ALARM_CD': '21', 'ALARM_STATUS': 0, 'ALARM_DTL': 'LOW BATTERY', 'OCCUR_DT': '20211129 23:42:04', 'END_DT': '20211129 23:42:09'}, {'ALARM_CD': '22', 'ALARM_STATUS': 1, 'ALARM_DTL': '과전류 발생', 'OCCUR_DT': '20211129 23:42:09', 'END_DT': None}]}
INFO:root:alarm json -{'DATA_TYPE': 'alarm', 'AGV_NO': 'agv00001', 'ALARMS': [{'ALARM_CD': '31', 'ALARM_STATUS': 0, 'ALARM_DTL': 'Belt 구동 실패', 'OCCUR_DT': '20211129 23:42:05', 'END_DT': '20211129 23:42:10'}, {'ALARM_CD': '14', 'ALARM_STATUS': 1, 'ALARM_DTL': '좌 90도회전 후, 위치 오류', 'OCCUR_DT': '20211129 23:42:10', 'END_DT': None}]}
INFO:root:alarm json -{'DATA_TYPE': 'alarm', 'AGV_NO': 'agv00001', 'ALARMS': [{'ALARM_CD': '16', 'ALARM_STATUS': 0, 'ALARM_DTL': '후진 후, 위치 오류', 'OCCUR_DT': '20211129 23:42:06', 'END_DT': '20211129 23:42:11'}, {'ALARM_CD': '31', 'ALARM_STATUS': 1, 'ALARM_DTL': 'Belt 구동 실패', 'OCCUR_DT': '20211129 23:42:11', 'END_DT': None}]}
INFO:root:alarm json -{'DATA_TYPE': 'alarm', 'AGV_NO': 'agv00001', 'ALARMS': [{'ALARM_CD': '13', 'ALARM_STATUS': 0, 'ALARM_DTL': '우 90도회전 후, 위치 오류', 'OCCUR_DT': '20211129 23:42:07', 'END_DT': '20211129 23:42:12'}, {'ALARM_CD': '21', 'ALARM_STATUS': 1, 'ALARM_DTL': 'LOW BATTERY', 'OCCUR_DT': '20211129 23:42:12', 'END_DT': None}]}
INFO:root:alarm json -{'DATA_TYPE': 'alarm', 'AGV_NO': 'agv00001', 'ALARMS': [{'ALARM_CD': '15', 'ALARM_STATUS': 0, 'ALARM_DTL': '180도 회전 후, 위치 오류', 'OCCUR_DT': '20211129 23:42:08', 'END_DT': '20211129 23:42:13'}, {'ALARM_CD': '12', 'ALARM_STATUS': 1, 'ALARM_DTL': '직진 후, 위치 오류', 'OCCUR_DT': '20211129 23:42:13', 'END_DT': None}]}
INFO:root:alarm json -{'DATA_TYPE': 'alarm', 'AGV_NO': 'agv00001', 'ALARMS': [{'ALARM_CD': '22', 'ALARM_STATUS': 0, 'ALARM_DTL': '과전류 발생', 'OCCUR_DT': '20211129 23:42:09', 'END_DT': '20211129 23:42:14'}, {'ALARM_CD': '16', 'ALARM_STATUS': 1, 'ALARM_DTL': '후진 후, 위치 오류', 'OCCUR_DT': '20211129 23:42:14', 'END_DT': None}]}
INFO:root:alarm json -{'DATA_TYPE': 'alarm', 'AGV_NO': 'agv00001', 'ALARMS': [{'ALARM_CD': '14', 'ALARM_STATUS': 0, 'ALARM_DTL': '좌 90도회전 후, 위치 오류', 'OCCUR_DT': '20211129 23:42:10', 'END_DT': '20211129 23:42:15'}, {'ALARM_CD': '11', 'ALARM_STATUS': 1, 'ALARM_DTL': '현 위치확인 안됨', 'OCCUR_DT': '20211129 23:42:15', 'END_DT': None}]}
INFO:root:alarm json -{'DATA_TYPE': 'alarm', 'AGV_NO': 'agv00001', 'ALARMS': [{'ALARM_CD': '31', 'ALARM_STATUS': 0, 'ALARM_DTL': 'Belt 구동 실패', 'OCCUR_DT': '20211129 23:42:11', 'END_DT': '20211129 23:42:16'}, {'ALARM_CD': '15', 'ALARM_STATUS': 1, 'ALARM_DTL': '180도 회전 후, 위치 오류', 'OCCUR_DT': '20211129 23:42:16', 'END_DT': None}]}
INFO:root:alarm json -{'DATA_TYPE': 'alarm', 'AGV_NO': 'agv00001', 'ALARMS': [{'ALARM_CD': '21', 'ALARM_STATUS': 0, 'ALARM_DTL': 'LOW BATTERY', 'OCCUR_DT': '20211129 23:42:12', 'END_DT': '20211129 23:42:17'}, {'ALARM_CD': '32', 'ALARM_STATUS': 1, 'ALARM_DTL': 'Tray 구동 실패', 'OCCUR_DT': '20211129 23:42:17', 'END_DT': None}]}
INFO:root:alarm json -{'DATA_TYPE': 'alarm', 'AGV_NO': 'agv00001', 'ALARMS': [{'ALARM_CD': '12', 'ALARM_STATUS': 0, 'ALARM_DTL': '직진 후, 위치 오류', 'OCCUR_DT': '20211129 23:42:13', 'END_DT': '20211129 23:42:18'}, {'ALARM_CD': '31', 'ALARM_STATUS': 1, 'ALARM_DTL': 'Belt 구동 실패', 'OCCUR_DT': '20211129 23:42:18', 'END_DT': None}]}
INFO:root:alarm json -{'DATA_TYPE': 'alarm', 'AGV_NO': 'agv00001', 'ALARMS': [{'ALARM_CD': '16', 'ALARM_STATUS': 0, 'ALARM_DTL': '후진 후, 위치 오류', 'OCCUR_DT': '20211129 23:42:14', 'END_DT': '20211129 23:42:19'}, {'ALARM_CD': '12', 'ALARM_STATUS': 1, 'ALARM_DTL': '직진 후, 위치 오류', 'OCCUR_DT': '20211129 23:42:19', 'END_DT': None}]}
INFO:root:alarm json -{'DATA_TYPE': 'alarm', 'AGV_NO': 'agv00001', 'ALARMS': [{'ALARM_CD': '11', 'ALARM_STATUS': 0, 'ALARM_DTL': '현 위치확인 안됨', 'OCCUR_DT': '20211129 23:42:15', 'END_DT': '20211129 23:42:20'}, {'ALARM_CD': '21', 'ALARM_STATUS': 1, 'ALARM_DTL': 'LOW BATTERY', 'OCCUR_DT': '20211129 23:42:20', 'END_DT': None}]}
INFO:root:alarm json -{'DATA_TYPE': 'alarm', 'AGV_NO': 'agv00001', 'ALARMS': [{'ALARM_CD': '15', 'ALARM_STATUS': 0, 'ALARM_DTL': '180도 회전 후, 위치 오류', 'OCCUR_DT': '20211129 23:42:16', 'END_DT': '20211129 23:42:21'}, {'ALARM_CD': '14', 'ALARM_STATUS': 1, 'ALARM_DTL': '좌 90도회전 후, 위치 오류', 'OCCUR_DT': '20211129 23:42:21', 'END_DT': None}]}
INFO:root:alarm json -{'DATA_TYPE': 'alarm', 'AGV_NO': 'agv00001', 'ALARMS': [{'ALARM_CD': '32', 'ALARM_STATUS': 0, 'ALARM_DTL': 'Tray 구동 실패', 'OCCUR_DT': '20211129 23:42:17', 'END_DT': '20211129 23:42:22'}, {'ALARM_CD': '11', 'ALARM_STATUS': 1, 'ALARM_DTL': '현 위치확인 안됨', 'OCCUR_DT': '20211129 23:42:22', 'END_DT': None}]}
INFO:root:alarm json -{'DATA_TYPE': 'alarm', 'AGV_NO': 'agv00001', 'ALARMS': [{'ALARM_CD': '31', 'ALARM_STATUS': 0, 'ALARM_DTL': 'Belt 구동 실패', 'OCCUR_DT': '20211129 23:42:18', 'END_DT': '20211129 23:42:23'}, {'ALARM_CD': '32', 'ALARM_STATUS': 1, 'ALARM_DTL': 'Tray 구동 실패', 'OCCUR_DT': '20211129 23:42:23', 'END_DT': None}]}
INFO:root:alarm json -{'DATA_TYPE': 'alarm', 'AGV_NO': 'agv00001', 'ALARMS': [{'ALARM_CD': '12', 'ALARM_STATUS': 0, 'ALARM_DTL': '직진 후, 위치 오류', 'OCCUR_DT': '20211129 23:42:19', 'END_DT': '20211129 23:42:24'}, {'ALARM_CD': '15', 'ALARM_STATUS': 1, 'ALARM_DTL': '180도 회전 후, 위치 오류', 'OCCUR_DT': '20211129 23:42:24', 'END_DT': None}]}
INFO:root:alarm json -{'DATA_TYPE': 'alarm', 'AGV_NO': 'agv00001', 'ALARMS': [{'ALARM_CD': '21', 'ALARM_STATUS': 0, 'ALARM_DTL': 'LOW BATTERY', 'OCCUR_DT': '20211129 23:42:20', 'END_DT': '20211129 23:42:25'}, {'ALARM_CD': '12', 'ALARM_STATUS': 1, 'ALARM_DTL': '직진 후, 위치 오류', 'OCCUR_DT': '20211129 23:42:25', 'END_DT': None}]}
INFO:root:alarm json -{'DATA_TYPE': 'alarm', 'AGV_NO': 'agv00001', 'ALARMS': [{'ALARM_CD': '14', 'ALARM_STATUS': 0, 'ALARM_DTL': '좌 90도회전 후, 위치 오류', 'OCCUR_DT': '20211129 23:42:21', 'END_DT': '20211129 23:42:26'}, {'ALARM_CD': '13', 'ALARM_STATUS': 1, 'ALARM_DTL': '우 90도회전 후, 위치 오류', 'OCCUR_DT': '20211129 23:42:26', 'END_DT': None}]}
INFO:root:alarm json -{'DATA_TYPE': 'alarm', 'AGV_NO': 'agv00001', 'ALARMS': [{'ALARM_CD': '11', 'ALARM_STATUS': 0, 'ALARM_DTL': '현 위치확인 안됨', 'OCCUR_DT': '20211129 23:42:22', 'END_DT': '20211129 23:42:27'}, {'ALARM_CD': '31', 'ALARM_STATUS': 1, 'ALARM_DTL': 'Belt 구동 실패', 'OCCUR_DT': '20211129 23:42:27', 'END_DT': None}]}
INFO:root:alarm json -{'DATA_TYPE': 'alarm', 'AGV_NO': 'agv00001', 'ALARMS': [{'ALARM_CD': '32', 'ALARM_STATUS': 0, 'ALARM_DTL': 'Tray 구동 실패', 'OCCUR_DT': '20211129 23:42:23', 'END_DT': '20211129 23:42:28'}, {'ALARM_CD': '16', 'ALARM_STATUS': 1, 'ALARM_DTL': '후진 후, 위치 오류', 'OCCUR_DT': '20211129 23:42:28', 'END_DT': None}]}
INFO:root:alarm json -{'DATA_TYPE': 'alarm', 'AGV_NO': 'agv00001', 'ALARMS': [{'ALARM_CD': '15', 'ALARM_STATUS': 0, 'ALARM_DTL': '180도 회전 후, 위치 오류', 'OCCUR_DT': '20211129 23:42:24', 'END_DT': '20211129 23:42:29'}, {'ALARM_CD': '11', 'ALARM_STATUS': 1, 'ALARM_DTL': '현 위치확인 안됨', 'OCCUR_DT': '20211129 23:42:29', 'END_DT': None}]}
INFO:root:alarm json -{'DATA_TYPE': 'alarm', 'AGV_NO': 'agv00001', 'ALARMS': [{'ALARM_CD': '12', 'ALARM_STATUS': 0, 'ALARM_DTL': '직진 후, 위치 오류', 'OCCUR_DT': '20211129 23:42:25', 'END_DT': '20211129 23:42:30'}, {'ALARM_CD': '15', 'ALARM_STATUS': 1, 'ALARM_DTL': '180도 회전 후, 위치 오류', 'OCCUR_DT': '20211129 23:42:30', 'END_DT': None}]}
INFO:root:alarm json -{'DATA_TYPE': 'alarm', 'AGV_NO': 'agv00001', 'ALARMS': [{'ALARM_CD': '13', 'ALARM_STATUS': 0, 'ALARM_DTL': '우 90도회전 후, 위치 오류', 'OCCUR_DT': '20211129 23:42:26', 'END_DT': '20211129 23:42:31'}, {'ALARM_CD': '32', 'ALARM_STATUS': 1, 'ALARM_DTL': 'Tray 구동 실패', 'OCCUR_DT': '20211129 23:42:31', 'END_DT': None}]}
INFO:root:alarm json -{'DATA_TYPE': 'alarm', 'AGV_NO': 'agv00001', 'ALARMS': [{'ALARM_CD': '31', 'ALARM_STATUS': 0, 'ALARM_DTL': 'Belt 구동 실패', 'OCCUR_DT': '20211129 23:42:27', 'END_DT': '20211129 23:42:32'}, {'ALARM_CD': '12', 'ALARM_STATUS': 1, 'ALARM_DTL': '직진 후, 위치 오류', 'OCCUR_DT': '20211129 23:42:32', 'END_DT': None}]}
INFO:root:alarm json -{'DATA_TYPE': 'alarm', 'AGV_NO': 'agv00001', 'ALARMS': [{'ALARM_CD': '16', 'ALARM_STATUS': 0, 'ALARM_DTL': '후진 후, 위치 오류', 'OCCUR_DT': '20211129 23:42:28', 'END_DT': '20211129 23:42:33'}, {'ALARM_CD': '21', 'ALARM_STATUS': 1, 'ALARM_DTL': 'LOW BATTERY', 'OCCUR_DT': '20211129 23:42:33', 'END_DT': None}]}
INFO:root:alarm json -{'DATA_TYPE': 'alarm', 'AGV_NO': 'agv00001', 'ALARMS': [{'ALARM_CD': '11', 'ALARM_STATUS': 0, 'ALARM_DTL': '현 위치확인 안됨', 'OCCUR_DT': '20211129 23:42:29', 'END_DT': '20211129 23:42:34'}, {'ALARM_CD': '22', 'ALARM_STATUS': 1, 'ALARM_DTL': '과전류 발생', 'OCCUR_DT': '20211129 23:42:34', 'END_DT': None}]}
INFO:root:alarm json -{'DATA_TYPE': 'alarm', 'AGV_NO': 'agv00001', 'ALARMS': [{'ALARM_CD': '15', 'ALARM_STATUS': 0, 'ALARM_DTL': '180도 회전 후, 위치 오류', 'OCCUR_DT': '20211129 23:42:30', 'END_DT': '20211129 23:42:35'}, {'ALARM_CD': '11', 'ALARM_STATUS': 1, 'ALARM_DTL': '현 위치확인 안됨', 'OCCUR_DT': '20211129 23:42:35', 'END_DT': None}]}
INFO:root:alarm json -{'DATA_TYPE': 'alarm', 'AGV_NO': 'agv00001', 'ALARMS': [{'ALARM_CD': '32', 'ALARM_STATUS': 0, 'ALARM_DTL': 'Tray 구동 실패', 'OCCUR_DT': '20211129 23:42:31', 'END_DT': '20211129 23:42:36'}, {'ALARM_CD': '15', 'ALARM_STATUS': 1, 'ALARM_DTL': '180도 회전 후, 위치 오류', 'OCCUR_DT': '20211129 23:42:36', 'END_DT': None}]}
INFO:root:alarm json -{'DATA_TYPE': 'alarm', 'AGV_NO': 'agv00001', 'ALARMS': [{'ALARM_CD': '12', 'ALARM_STATUS': 0, 'ALARM_DTL': '직진 후, 위치 오류', 'OCCUR_DT': '20211129 23:42:32', 'END_DT': '20211129 23:42:37'}, {'ALARM_CD': '31', 'ALARM_STATUS': 1, 'ALARM_DTL': 'Belt 구동 실패', 'OCCUR_DT': '20211129 23:42:37', 'END_DT': None}]}
INFO:root:alarm json -{'DATA_TYPE': 'alarm', 'AGV_NO': 'agv00001', 'ALARMS': [{'ALARM_CD': '21', 'ALARM_STATUS': 0, 'ALARM_DTL': 'LOW BATTERY', 'OCCUR_DT': '20211129 23:42:33', 'END_DT': '20211129 23:42:38'}, {'ALARM_CD': '12', 'ALARM_STATUS': 1, 'ALARM_DTL': '직진 후, 위치 오류', 'OCCUR_DT': '20211129 23:42:38', 'END_DT': None}]}
INFO:root:alarm json -{'DATA_TYPE': 'alarm', 'AGV_NO': 'agv00001', 'ALARMS': [{'ALARM_CD': '22', 'ALARM_STATUS': 0, 'ALARM_DTL': '과전류 발생', 'OCCUR_DT': '20211129 23:42:34', 'END_DT': '20211129 23:42:39'}, {'ALARM_CD': '14', 'ALARM_STATUS': 1, 'ALARM_DTL': '좌 90도회전 후, 위치 오류', 'OCCUR_DT': '20211129 23:42:39', 'END_DT': None}]}
INFO:root:alarm json -{'DATA_TYPE': 'alarm', 'AGV_NO': 'agv00001', 'ALARMS': [{'ALARM_CD': '11', 'ALARM_STATUS': 0, 'ALARM_DTL': '현 위치확인 안됨', 'OCCUR_DT': '20211129 23:42:35', 'END_DT': '20211129 23:42:40'}, {'ALARM_CD': '16', 'ALARM_STATUS': 1, 'ALARM_DTL': '후진 후, 위치 오류', 'OCCUR_DT': '20211129 23:42:40', 'END_DT': None}]}
INFO:root:alarm json -{'DATA_TYPE': 'alarm', 'AGV_NO': 'agv00001', 'ALARMS': [{'ALARM_CD': '15', 'ALARM_STATUS': 0, 'ALARM_DTL': '180도 회전 후, 위치 오류', 'OCCUR_DT': '20211129 23:42:36', 'END_DT': '20211129 23:42:41'}, {'ALARM_CD': '21', 'ALARM_STATUS': 1, 'ALARM_DTL': 'LOW BATTERY', 'OCCUR_DT': '20211129 23:42:41', 'END_DT': None}]}
INFO:root:alarm json -{'DATA_TYPE': 'alarm', 'AGV_NO': 'agv00001', 'ALARMS': [{'ALARM_CD': '31', 'ALARM_STATUS': 0, 'ALARM_DTL': 'Belt 구동 실패', 'OCCUR_DT': '20211129 23:42:37', 'END_DT': '20211129 23:42:43'}, {'ALARM_CD': '11', 'ALARM_STATUS': 1, 'ALARM_DTL': '현 위치확인 안됨', 'OCCUR_DT': '20211129 23:42:43', 'END_DT': None}]}
INFO:root:alarm json -{'DATA_TYPE': 'alarm', 'AGV_NO': 'agv00001', 'ALARMS': [{'ALARM_CD': '12', 'ALARM_STATUS': 0, 'ALARM_DTL': '직진 후, 위치 오류', 'OCCUR_DT': '20211129 23:42:38', 'END_DT': '20211129 23:42:44'}, {'ALARM_CD': '13', 'ALARM_STATUS': 1, 'ALARM_DTL': '우 90도회전 후, 위치 오류', 'OCCUR_DT': '20211129 23:42:44', 'END_DT': None}]}
INFO:root:alarm json -{'DATA_TYPE': 'alarm', 'AGV_NO': 'agv00001', 'ALARMS': [{'ALARM_CD': '14', 'ALARM_STATUS': 0, 'ALARM_DTL': '좌 90도회전 후, 위치 오류', 'OCCUR_DT': '20211129 23:42:39', 'END_DT': '20211129 23:42:45'}, {'ALARM_CD': '22', 'ALARM_STATUS': 1, 'ALARM_DTL': '과전류 발생', 'OCCUR_DT': '20211129 23:42:45', 'END_DT': None}]}
INFO:root:alarm json -{'DATA_TYPE': 'alarm', 'AGV_NO': 'agv00001', 'ALARMS': [{'ALARM_CD': '16', 'ALARM_STATUS': 0, 'ALARM_DTL': '후진 후, 위치 오류', 'OCCUR_DT': '20211129 23:42:40', 'END_DT': '20211129 23:42:46'}, {'ALARM_CD': '14', 'ALARM_STATUS': 1, 'ALARM_DTL': '좌 90도회전 후, 위치 오류', 'OCCUR_DT': '20211129 23:42:46', 'END_DT': None}]}
INFO:root:alarm json -{'DATA_TYPE': 'alarm', 'AGV_NO': 'agv00001', 'ALARMS': [{'ALARM_CD': '21', 'ALARM_STATUS': 0, 'ALARM_DTL': 'LOW BATTERY', 'OCCUR_DT': '20211129 23:42:41', 'END_DT': '20211129 23:42:47'}, {'ALARM_CD': '16', 'ALARM_STATUS': 1, 'ALARM_DTL': '후진 후, 위치 오류', 'OCCUR_DT': '20211129 23:42:47', 'END_DT': None}]}
INFO:root:alarm json -{'DATA_TYPE': 'alarm', 'AGV_NO': 'agv00001', 'ALARMS': [{'ALARM_CD': '11', 'ALARM_STATUS': 0, 'ALARM_DTL': '현 위치확인 안됨', 'OCCUR_DT': '20211129 23:42:43', 'END_DT': '20211129 23:42:48'}, {'ALARM_CD': '31', 'ALARM_STATUS': 1, 'ALARM_DTL': 'Belt 구동 실패', 'OCCUR_DT': '20211129 23:42:48', 'END_DT': None}]}
INFO:root:alarm json -{'DATA_TYPE': 'alarm', 'AGV_NO': 'agv00001', 'ALARMS': [{'ALARM_CD': '13', 'ALARM_STATUS': 0, 'ALARM_DTL': '우 90도회전 후, 위치 오류', 'OCCUR_DT': '20211129 23:42:44', 'END_DT': '20211129 23:42:49'}, {'ALARM_CD': '32', 'ALARM_STATUS': 1, 'ALARM_DTL': 'Tray 구동 실패', 'OCCUR_DT': '20211129 23:42:49', 'END_DT': None}]}
INFO:root:alarm json -{'DATA_TYPE': 'alarm', 'AGV_NO': 'agv00001', 'ALARMS': [{'ALARM_CD': '22', 'ALARM_STATUS': 0, 'ALARM_DTL': '과전류 발생', 'OCCUR_DT': '20211129 23:42:45', 'END_DT': '20211129 23:42:50'}, {'ALARM_CD': '12', 'ALARM_STATUS': 1, 'ALARM_DTL': '직진 후, 위치 오류', 'OCCUR_DT': '20211129 23:42:50', 'END_DT': None}]}
INFO:root:alarm json -{'DATA_TYPE': 'alarm', 'AGV_NO': 'agv00001', 'ALARMS': [{'ALARM_CD': '14', 'ALARM_STATUS': 0, 'ALARM_DTL': '좌 90도회전 후, 위치 오류', 'OCCUR_DT': '20211129 23:42:46', 'END_DT': '20211129 23:42:51'}, {'ALARM_CD': '21', 'ALARM_STATUS': 1, 'ALARM_DTL': 'LOW BATTERY', 'OCCUR_DT': '20211129 23:42:51', 'END_DT': None}]}
INFO:root:alarm json -{'DATA_TYPE': 'alarm', 'AGV_NO': 'agv00001', 'ALARMS': [{'ALARM_CD': '16', 'ALARM_STATUS': 0, 'ALARM_DTL': '후진 후, 위치 오류', 'OCCUR_DT': '20211129 23:42:47', 'END_DT': '20211129 23:42:52'}, {'ALARM_CD': '22', 'ALARM_STATUS': 1, 'ALARM_DTL': '과전류 발생', 'OCCUR_DT': '20211129 23:42:52', 'END_DT': None}]}
INFO:root:alarm json -{'DATA_TYPE': 'alarm', 'AGV_NO': 'agv00001', 'ALARMS': [{'ALARM_CD': '31', 'ALARM_STATUS': 0, 'ALARM_DTL': 'Belt 구동 실패', 'OCCUR_DT': '20211129 23:42:48', 'END_DT': '20211129 23:42:53'}, {'ALARM_CD': '16', 'ALARM_STATUS': 1, 'ALARM_DTL': '후진 후, 위치 오류', 'OCCUR_DT': '20211129 23:42:53', 'END_DT': None}]}
INFO:root:alarm json -{'DATA_TYPE': 'alarm', 'AGV_NO': 'agv00001', 'ALARMS': [{'ALARM_CD': '32', 'ALARM_STATUS': 0, 'ALARM_DTL': 'Tray 구동 실패', 'OCCUR_DT': '20211129 23:42:49', 'END_DT': '20211129 23:42:54'}, {'ALARM_CD': '11', 'ALARM_STATUS': 1, 'ALARM_DTL': '현 위치확인 안됨', 'OCCUR_DT': '20211129 23:42:54', 'END_DT': None}]}
INFO:root:alarm json -{'DATA_TYPE': 'alarm', 'AGV_NO': 'agv00001', 'ALARMS': [{'ALARM_CD': '12', 'ALARM_STATUS': 0, 'ALARM_DTL': '직진 후, 위치 오류', 'OCCUR_DT': '20211129 23:42:50', 'END_DT': '20211129 23:42:55'}, {'ALARM_CD': '14', 'ALARM_STATUS': 1, 'ALARM_DTL': '좌 90도회전 후, 위치 오류', 'OCCUR_DT': '20211129 23:42:55', 'END_DT': None}]}
DEBUG:root:Connected 127.0.0.1:12063
